<?xml version="1.0" encoding="UTF-8"?>
<!-- Generated by org.testng.reporters.JUnitReportReporter -->
<testsuite hostname="SPMUMLAP-065" failures="0" tests="17" name="Speridian_Content_Management_TCs.Speridian_Content_Management_AllScenarios" time="1027.227" errors="2" timestamp="2024-02-29T15:47:23 IST" skipped="0">
  <testcase classname="Speridian_Content_Management_TCs.Speridian_Content_Management_AllScenarios" name="RUNALL" time="0.001"/>
  <system-out/>
  <testcase classname="Speridian_Content_Management_TCs.Speridian_Content_Management_AllScenarios" name="RUNALL" time="0.001"/>
  <system-out/>
  <testcase classname="Speridian_Content_Management_TCs.Speridian_Content_Management_AllScenarios" name="RUNALL" time="0.001"/>
  <system-out/>
  <testcase classname="Speridian_Content_Management_TCs.Speridian_Content_Management_AllScenarios" name="RUNALL" time="535.480"/>
  <system-out/>
  <testcase classname="Speridian_Content_Management_TCs.Speridian_Content_Management_AllScenarios" name="RUNALL" time="0.001"/>
  <system-out/>
  <testcase classname="Speridian_Content_Management_TCs.Speridian_Content_Management_AllScenarios" name="RUNALL" time="0.001"/>
  <system-out/>
  <testcase classname="Speridian_Content_Management_TCs.Speridian_Content_Management_AllScenarios" name="RUNALL" time="0.009">
    <error message="Cannot invoke &quot;org.openqa.selenium.remote.RemoteWebDriver.quit()&quot; because &quot;Speridian_Content_Management_TCs.Speridian_Content_Management_AllScenarios.driver&quot; is null" type="java.lang.NullPointerException">
      <![CDATA[java.lang.NullPointerException: Cannot invoke "org.openqa.selenium.remote.RemoteWebDriver.quit()" because "Speridian_Content_Management_TCs.Speridian_Content_Management_AllScenarios.driver" is null
at Speridian_Content_Management_TCs.Speridian_Content_Management_AllScenarios.RUNALL(Speridian_Content_Management_AllScenarios.java:286)
at java.base/jdk.internal.reflect.NativeMethodAccessorImpl.invoke0(Native Method)
at java.base/jdk.internal.reflect.NativeMethodAccessorImpl.invoke(NativeMethodAccessorImpl.java:77)
at java.base/jdk.internal.reflect.DelegatingMethodAccessorImpl.invoke(DelegatingMethodAccessorImpl.java:43)
at java.base/java.lang.reflect.Method.invoke(Method.java:568)
at org.testng.internal.MethodInvocationHelper.invokeMethod(MethodInvocationHelper.java:133)
at org.testng.internal.TestInvoker.invokeMethod(TestInvoker.java:598)
at org.testng.internal.TestInvoker.invokeTestMethod(TestInvoker.java:173)
at org.testng.internal.MethodRunner.runInSequence(MethodRunner.java:46)
at org.testng.internal.TestInvoker$MethodInvocationAgent.invoke(TestInvoker.java:824)
at org.testng.internal.TestInvoker.invokeTestMethods(TestInvoker.java:146)
at org.testng.internal.TestMethodWorker.invokeTestMethods(TestMethodWorker.java:146)
at org.testng.internal.TestMethodWorker.run(TestMethodWorker.java:128)
at java.base/java.util.ArrayList.forEach(ArrayList.java:1511)
at org.testng.TestRunner.privateRun(TestRunner.java:794)
at org.testng.TestRunner.run(TestRunner.java:596)
at org.testng.SuiteRunner.runTest(SuiteRunner.java:377)
at org.testng.SuiteRunner.runSequentially(SuiteRunner.java:371)
at org.testng.SuiteRunner.privateRun(SuiteRunner.java:332)
at org.testng.SuiteRunner.run(SuiteRunner.java:276)
at org.testng.SuiteRunnerWorker.runSuite(SuiteRunnerWorker.java:53)
at org.testng.SuiteRunnerWorker.run(SuiteRunnerWorker.java:96)
at org.testng.TestNG.runSuitesSequentially(TestNG.java:1212)
at org.testng.TestNG.runSuitesLocally(TestNG.java:1134)
at org.testng.TestNG.runSuites(TestNG.java:1063)
at org.testng.TestNG.run(TestNG.java:1031)
at org.testng.remote.AbstractRemoteTestNG.run(AbstractRemoteTestNG.java:115)
at org.testng.remote.RemoteTestNG.initAndRun(RemoteTestNG.java:251)
at org.testng.remote.RemoteTestNG.main(RemoteTestNG.java:77)
]]>
    </error>
  </testcase> <!-- RUNALL -->
  <system-out/>
  <testcase classname="Speridian_Content_Management_TCs.Speridian_Content_Management_AllScenarios" name="RUNALL" time="0.002"/>
  <system-out/>
  <testcase classname="Speridian_Content_Management_TCs.Speridian_Content_Management_AllScenarios" name="RUNALL" time="0.001"/>
  <system-out/>
  <testcase classname="Speridian_Content_Management_TCs.Speridian_Content_Management_AllScenarios" name="RUNALL" time="0.000"/>
  <system-out/>
  <testcase classname="Speridian_Content_Management_TCs.Speridian_Content_Management_AllScenarios" name="RUNALL" time="0.002">
    <error message="Cannot invoke &quot;org.openqa.selenium.remote.RemoteWebDriver.quit()&quot; because &quot;Speridian_Content_Management_TCs.Speridian_Content_Management_AllScenarios.driver&quot; is null" type="java.lang.NullPointerException">
      <![CDATA[java.lang.NullPointerException: Cannot invoke "org.openqa.selenium.remote.RemoteWebDriver.quit()" because "Speridian_Content_Management_TCs.Speridian_Content_Management_AllScenarios.driver" is null
at Speridian_Content_Management_TCs.Speridian_Content_Management_AllScenarios.RUNALL(Speridian_Content_Management_AllScenarios.java:286)
at java.base/jdk.internal.reflect.NativeMethodAccessorImpl.invoke0(Native Method)
at java.base/jdk.internal.reflect.NativeMethodAccessorImpl.invoke(NativeMethodAccessorImpl.java:77)
at java.base/jdk.internal.reflect.DelegatingMethodAccessorImpl.invoke(DelegatingMethodAccessorImpl.java:43)
at java.base/java.lang.reflect.Method.invoke(Method.java:568)
at org.testng.internal.MethodInvocationHelper.invokeMethod(MethodInvocationHelper.java:133)
at org.testng.internal.TestInvoker.invokeMethod(TestInvoker.java:598)
at org.testng.internal.TestInvoker.invokeTestMethod(TestInvoker.java:173)
at org.testng.internal.MethodRunner.runInSequence(MethodRunner.java:46)
at org.testng.internal.TestInvoker$MethodInvocationAgent.invoke(TestInvoker.java:824)
at org.testng.internal.TestInvoker.invokeTestMethods(TestInvoker.java:146)
at org.testng.internal.TestMethodWorker.invokeTestMethods(TestMethodWorker.java:146)
at org.testng.internal.TestMethodWorker.run(TestMethodWorker.java:128)
at java.base/java.util.ArrayList.forEach(ArrayList.java:1511)
at org.testng.TestRunner.privateRun(TestRunner.java:794)
at org.testng.TestRunner.run(TestRunner.java:596)
at org.testng.SuiteRunner.runTest(SuiteRunner.java:377)
at org.testng.SuiteRunner.runSequentially(SuiteRunner.java:371)
at org.testng.SuiteRunner.privateRun(SuiteRunner.java:332)
at org.testng.SuiteRunner.run(SuiteRunner.java:276)
at org.testng.SuiteRunnerWorker.runSuite(SuiteRunnerWorker.java:53)
at org.testng.SuiteRunnerWorker.run(SuiteRunnerWorker.java:96)
at org.testng.TestNG.runSuitesSequentially(TestNG.java:1212)
at org.testng.TestNG.runSuitesLocally(TestNG.java:1134)
at org.testng.TestNG.runSuites(TestNG.java:1063)
at org.testng.TestNG.run(TestNG.java:1031)
at org.testng.remote.AbstractRemoteTestNG.run(AbstractRemoteTestNG.java:115)
at org.testng.remote.RemoteTestNG.initAndRun(RemoteTestNG.java:251)
at org.testng.remote.RemoteTestNG.main(RemoteTestNG.java:77)
]]>
    </error>
  </testcase> <!-- RUNALL -->
  <system-out/>
  <testcase classname="Speridian_Content_Management_TCs.Speridian_Content_Management_AllScenarios" name="RUNALL" time="0.000"/>
  <system-out/>
  <testcase classname="Speridian_Content_Management_TCs.Speridian_Content_Management_AllScenarios" name="RUNALL" time="0.001"/>
  <system-out/>
  <testcase classname="Speridian_Content_Management_TCs.Speridian_Content_Management_AllScenarios" name="RUNALL" time="0.002"/>
  <system-out/>
  <testcase classname="Speridian_Content_Management_TCs.Speridian_Content_Management_AllScenarios" name="RUNALL" time="491.723"/>
  <system-out/>
  <testcase classname="Speridian_Content_Management_TCs.Speridian_Content_Management_AllScenarios" name="RUNALL" time="0.001"/>
  <system-out/>
  <testcase classname="Speridian_Content_Management_TCs.Speridian_Content_Management_AllScenarios" name="RUNALL" time="0.001"/>
  <system-out/>
</testsuite> <!-- Speridian_Content_Management_TCs.Speridian_Content_Management_AllScenarios -->
